TN:
SF:/home/carol/sd-07-project-react-testing-library/src/App.js
FN:22,(anonymous_0)
FN:24,(anonymous_1)
FN:32,(anonymous_2)
FN:37,(anonymous_3)
FN:43,(anonymous_4)
FN:54,(anonymous_5)
FN:62,(anonymous_6)
FN:69,(anonymous_7)
FN:71,(anonymous_8)
FN:78,(anonymous_9)
FN:82,(anonymous_10)
FN:86,(anonymous_11)
FN:94,(anonymous_12)
FNF:13
FNH:13
FNDA:36,(anonymous_0)
FNDA:324,(anonymous_1)
FNDA:30,(anonymous_2)
FNDA:6,(anonymous_3)
FNDA:31,(anonymous_4)
FNDA:14,(anonymous_5)
FNDA:6,(anonymous_6)
FNDA:36,(anonymous_7)
FNDA:324,(anonymous_8)
FNDA:31,(anonymous_9)
FNDA:14,(anonymous_10)
FNDA:4,(anonymous_11)
FNDA:36,(anonymous_12)
DA:23,36
DA:24,36
DA:25,324
DA:26,324
DA:29,36
DA:33,30
DA:34,30
DA:38,6
DA:40,6
DA:44,31
DA:46,31
DA:55,14
DA:57,14
DA:63,6
DA:70,36
DA:71,324
DA:73,36
DA:78,31
DA:82,14
DA:86,4
DA:95,36
LF:21
LH:21
BRF:0
BRH:0
end_of_record
TN:
SF:/home/carol/sd-07-project-react-testing-library/src/data.js
FNF:0
FNH:0
DA:1,7
LF:1
LH:1
BRF:0
BRH:0
end_of_record
TN:
SF:/home/carol/sd-07-project-react-testing-library/src/components/About.js
FN:4,(anonymous_0)
FNF:1
FNH:1
FNDA:5,(anonymous_0)
DA:4,7
DA:5,5
LF:2
LH:2
BRF:0
BRH:0
end_of_record
TN:
SF:/home/carol/sd-07-project-react-testing-library/src/components/Button.js
FN:6,(anonymous_0)
FNF:1
FNH:1
FNDA:468,(anonymous_0)
DA:6,7
DA:13,468
DA:24,7
DA:32,7
LF:4
LH:4
BRF:0
BRH:0
end_of_record
TN:
SF:/home/carol/sd-07-project-react-testing-library/src/components/FavoritePokemons.js
FN:12,(anonymous_0)
FN:20,(anonymous_1)
FN:28,(anonymous_2)
FN:34,(anonymous_3)
FN:39,(anonymous_4)
FNF:5
FNH:5
FNDA:3,(anonymous_0)
FNDA:1,(anonymous_1)
FNDA:1,(anonymous_2)
FNDA:1,(anonymous_3)
FNDA:4,(anonymous_4)
DA:9,7
DA:13,3
DA:21,1
DA:29,1
DA:30,1
DA:32,1
DA:34,1
DA:40,4
DA:41,4
DA:42,4
DA:44,4
DA:53,7
DA:57,7
LF:13
LH:13
BRDA:47,0,0,3
BRDA:47,0,1,1
BRF:2
BRH:2
end_of_record
TN:
SF:/home/carol/sd-07-project-react-testing-library/src/components/NotFound.js
FN:4,(anonymous_0)
FNF:1
FNH:1
FNDA:3,(anonymous_0)
DA:4,7
DA:5,3
LF:2
LH:2
BRF:0
BRH:0
end_of_record
TN:
SF:/home/carol/sd-07-project-react-testing-library/src/components/Pokedex.js
FN:10,(anonymous_0)
FN:15,(anonymous_1)
FN:19,(anonymous_2)
FN:20,(anonymous_3)
FN:25,(anonymous_4)
FN:29,(anonymous_5)
FN:35,(anonymous_6)
FN:38,(anonymous_7)
FN:41,(anonymous_8)
FN:47,(anonymous_9)
FN:52,(anonymous_10)
FN:56,(anonymous_11)
FN:66,(anonymous_12)
FN:83,(anonymous_13)
FNF:14
FNH:14
FNDA:30,(anonymous_0)
FNDA:7,(anonymous_1)
FNDA:14,(anonymous_2)
FNDA:14,(anonymous_3)
FNDA:52,(anonymous_4)
FNDA:468,(anonymous_5)
FNDA:52,(anonymous_6)
FNDA:468,(anonymous_7)
FNDA:52,(anonymous_8)
FNDA:1,(anonymous_9)
FNDA:364,(anonymous_10)
FNDA:6,(anonymous_11)
FNDA:52,(anonymous_12)
FNDA:14,(anonymous_13)
DA:11,30
DA:12,30
DA:16,7
DA:20,14
DA:21,14
DA:26,52
DA:27,52
DA:29,52
DA:30,468
DA:31,81
DA:36,52
DA:38,468
DA:42,52
DA:44,52
DA:47,1
DA:53,364
DA:56,6
DA:67,52
DA:68,52
DA:69,52
DA:70,52
DA:72,52
DA:83,14
DA:93,7
LF:24
LH:24
BRDA:30,0,0,387
BRDA:30,0,1,81
BRF:2
BRH:2
end_of_record
TN:
SF:/home/carol/sd-07-project-react-testing-library/src/components/Pokemon.js
FN:9,(anonymous_0)
FNF:1
FNH:1
FNDA:67,(anonymous_0)
DA:9,7
DA:10,67
DA:11,67
DA:13,67
DA:35,7
DA:41,7
LF:6
LH:6
BRDA:21,0,0,67
BRDA:21,0,1,53
BRDA:24,1,0,67
BRDA:24,1,1,7
BRF:4
BRH:4
end_of_record
TN:
SF:/home/carol/sd-07-project-react-testing-library/src/components/PokemonDetails.js
FN:10,(anonymous_0)
FN:15,(anonymous_1)
FN:26,(anonymous_2)
FN:35,(anonymous_3)
FN:41,(anonymous_4)
FN:44,(anonymous_5)
FN:47,(anonymous_6)
FN:59,(anonymous_7)
FN:67,(anonymous_8)
FNF:9
FNH:9
FNDA:14,(anonymous_0)
FNDA:29,(anonymous_1)
FNDA:14,(anonymous_2)
FNDA:8,(anonymous_3)
FNDA:14,(anonymous_4)
FNDA:50,(anonymous_5)
FNDA:14,(anonymous_6)
FNDA:6,(anonymous_7)
FNDA:14,(anonymous_8)
DA:11,14
DA:16,29
DA:27,14
DA:36,8
DA:38,8
DA:42,14
DA:44,50
DA:48,14
DA:50,14
DA:59,6
DA:68,14
DA:69,14
DA:73,14
DA:75,14
DA:76,14
DA:78,14
DA:94,7
LF:17
LH:17
BRF:0
BRH:0
end_of_record
TN:
SF:/home/carol/sd-07-project-react-testing-library/src/components/index.js
FNF:0
FNH:0
LF:0
LH:0
BRF:0
BRH:0
end_of_record
TN:
SF:/home/carol/sd-07-project-react-testing-library/src/services/pokedexService.js
FN:1,(anonymous_0)
FN:5,(anonymous_1)
FN:9,(anonymous_2)
FN:16,(anonymous_3)
FN:18,(anonymous_4)
FN:23,(anonymous_5)
FNF:6
FNH:6
FNDA:42,(anonymous_0)
FNDA:6,(anonymous_1)
FNDA:4,(anonymous_2)
FNDA:2,(anonymous_3)
FNDA:2,(anonymous_4)
FNDA:6,(anonymous_5)
DA:1,7
DA:2,42
DA:5,7
DA:6,6
DA:9,7
DA:10,4
DA:11,4
DA:13,4
DA:16,7
DA:17,2
DA:18,2
DA:20,2
DA:23,7
DA:24,6
LF:14
LH:14
BRDA:2,0,0,42
BRDA:2,0,1,32
BRDA:24,1,0,4
BRDA:24,1,1,2
BRF:4
BRH:4
end_of_record
TN:
SF:/home/carol/sd-07-project-react-testing-library/src/types/index.js
FNF:0
FNH:0
DA:10,7
DA:12,7
LF:2
LH:2
BRF:0
BRH:0
end_of_record
